<?xml version="1.0" encoding="UTF-8"?>
<coverage generated="1438251587">
  <project timestamp="1438251587">
    <package name="DatabaseObjects\Entity">
      <file name="/Users/mattsetter/Workspace/settermjd/PHP/aura-project/src/DatabaseObjects/Entity/SalesData.php">
        <class name="SalesData" namespace="DatabaseObjects\Entity">
          <metrics methods="1" coveredmethods="1" conditionals="0" coveredconditionals="0" statements="8" coveredstatements="8" elements="9" coveredelements="9"/>
        </class>
        <line num="37" type="method" name="__construct" crap="4" count="2"/>
        <line num="39" type="stmt" count="2"/>
        <line num="40" type="stmt" count="1"/>
        <line num="41" type="stmt" count="1"/>
        <line num="42" type="stmt" count="1"/>
        <line num="43" type="stmt" count="1"/>
        <line num="44" type="stmt" count="1"/>
        <line num="45" type="stmt" count="1"/>
        <line num="46" type="stmt" count="2"/>
        <metrics loc="46" ncloc="28" classes="1" methods="1" coveredmethods="1" conditionals="0" coveredconditionals="0" statements="8" coveredstatements="8" elements="9" coveredelements="9"/>
      </file>
    </package>
    <metrics files="1" loc="46" ncloc="28" classes="1" methods="1" coveredmethods="1" conditionals="0" coveredconditionals="0" statements="8" coveredstatements="8" elements="9" coveredelements="9"/>
  </project>
</coverage>
